Сборка начата 25.09.2024 18:26:42.
Уровень детализации журнала: Normal.     1>Проект "C:\Users\stude\OneDrive\Рабочий стол\Labs\labs\Labs 3 sem\KPO\KPO_16\KPO_16\KPO_16.vcxproj" в узле 2 (целевые объекты Build).
     1>PrepareForBuild:
         Структурированный вывод включен. Форматирование диагностики компилятора будет отражать иерархию ошибок. Подробнее см. https://aka.ms/cpp/structured-output.
       InitializeBuildStatus:
         Создание "x64\Debug\KPO_16.tlog\unsuccessfulbuild", так как было задано "AlwaysCreate".
         Обращение к "x64\Debug\KPO_16.tlog\unsuccessfulbuild".
       ClCompile:
         C:\Program Files\Microsoft Visual Studio\2022\Community\VC\Tools\MSVC\14.41.34120\bin\HostX64\x64\CL.exe /c /ZI /JMC /nologo /W3 /WX- /diagnostics:column /sdl /Od /D _DEBUG /D _CONSOLE /D _UNICODE /D UNICODE /Gm- /EHsc /RTC1 /MDd /GS /fp:precise /Zc:wchar_t /Zc:forScope /Zc:inline /permissive- /Fo"x64\Debug\\" /Fd"x64\Debug\vc143.pdb" /external:W3 /Gd /TP /FC /errorReport:prompt KPO_16.cpp
         KPO_16.cpp
     1>C:\Users\stude\OneDrive\Рабочий стол\Labs\labs\Labs 3 sem\KPO\KPO_16\KPO_16\KPO_16.cpp(4,6): warning C4326: возвращаемый тип "main" должен быть "int", а не "void"
       Link:
         C:\Program Files\Microsoft Visual Studio\2022\Community\VC\Tools\MSVC\14.41.34120\bin\HostX64\x64\link.exe /ERRORREPORT:PROMPT /OUT:"C:\Users\stude\OneDrive\Рабочий стол\Labs\labs\Labs 3 sem\KPO\KPO_16\x64\Debug\KPO_16.exe" /INCREMENTAL /ILK:"x64\Debug\KPO_16.ilk" /NOLOGO kernel32.lib user32.lib gdi32.lib winspool.lib comdlg32.lib advapi32.lib shell32.lib ole32.lib oleaut32.lib uuid.lib odbc32.lib odbccp32.lib /MANIFEST /MANIFESTUAC:"level='asInvoker' uiAccess='false'" /manifest:embed /DEBUG /PDB:"C:\Users\stude\OneDrive\Рабочий стол\Labs\labs\Labs 3 sem\KPO\KPO_16\x64\Debug\KPO_16.pdb" /SUBSYSTEM:CONSOLE /TLBID:1 /DYNAMICBASE /NXCOMPAT /IMPLIB:"C:\Users\stude\OneDrive\Рабочий стол\Labs\labs\Labs 3 sem\KPO\KPO_16\x64\Debug\KPO_16.lib" /MACHINE:X64 x64\Debug\FST.obj
         x64\Debug\KPO_16.obj
         KPO_16.vcxproj -> C:\Users\stude\OneDrive\Рабочий стол\Labs\labs\Labs 3 sem\KPO\KPO_16\x64\Debug\KPO_16.exe
       FinalizeBuildStatus:
         Файл "x64\Debug\KPO_16.tlog\unsuccessfulbuild" удаляется.
         Обращение к "x64\Debug\KPO_16.tlog\KPO_16.lastbuildstate".
     1>Сборка проекта "C:\Users\stude\OneDrive\Рабочий стол\Labs\labs\Labs 3 sem\KPO\KPO_16\KPO_16\KPO_16.vcxproj" завершена (целевые объекты Build).

Сборка успешно завершена.

       "C:\Users\stude\OneDrive\Рабочий стол\Labs\labs\Labs 3 sem\KPO\KPO_16\KPO_16\KPO_16.vcxproj" (целевой объект Build ) (1) ->
       (Целевой объект ClCompile) -> 
         C:\Users\stude\OneDrive\Рабочий стол\Labs\labs\Labs 3 sem\KPO\KPO_16\KPO_16\KPO_16.cpp(4,6): warning C4326: возвращаемый тип "main" должен быть "int", а не "void"

    Предупреждений: 1
    Ошибок: 0

Прошло времени 00:00:00.48
