Microsoft (R) Macro Assembler (x64) Version 14.41.34120.0   12/05/24 22:39:40
gg.asm							     Page 1 - 1


				.MODEL FLAT, STDCALL
gg.asm(1) : error A2008:syntax error : .
				includelib kernel32.lib

				ExitProcess PROTO:DWORD
				MessageBoxA PROTO : DWORD,:DWORD,:DWORD,:DWORD

				.STACK 4096
gg.asm(7) : error A2008:syntax error : .

 00000000			.DATA
 = 00000000			MB_OK	EQU 0
 00000000 CC EE FF 20 EF	STR1	DB "Моя первая программа",0
	   E5 F0 E2 E0 FF
	   20 EF F0 EE E3
	   F0 E0 EC EC E0
	   00
 00000015 CF F0 E8 E2 E5	STR2	DB "Привет всем!",0
	   F2 20 E2 F1 E5
	   EC 21 00
 00000022 00000000		HW		DD ?

 00000000			.CODE

 00000000			main PROC
 00000000			START :
				INVOKE MessageBoxA, HW,OFFSET STR2,OFFSET STR1,MB_OK
gg.asm(19) : error A2008:syntax error : MessageBoxA

 00000000  6A FF			push -1
 00000002  E8 00000000 E		call ExitProcess
 00000007			main ENDP

				end main
Microsoft (R) Macro Assembler (x64) Version 14.41.34120.0   12/05/24 22:39:40
gg.asm							     Symbols 2 - 1




Procedures, parameters, and locals:

                N a m e                 Type     Value    Attr

ExitProcess  . . . . . . . . . .	P 	 00000000 Length= 00000000 External
MessageBoxA  . . . . . . . . . .	P 	 00000000 Length= 00000000 External
main . . . . . . . . . . . . . .	P 	 00000000 _TEXT	Length= 00000007 Public
  START  . . . . . . . . . . . .	L 	 00000000 _TEXT	


Symbols:

                N a m e                 Type     Value    Attr

HW . . . . . . . . . . . . . . .	DWord	 00000022 _DATA	
MB_OK  . . . . . . . . . . . . .	Number	 00000000h   
STR1 . . . . . . . . . . . . . .	Byte	 00000000 _DATA	
STR2 . . . . . . . . . . . . . .	Byte	 00000015 _DATA	

	   0 Warnings
	   5 Errors
