Сборка начата 17.12.2024 23:04:52.
Уровень детализации журнала: Normal.     1>Проект "C:\Users\stude\OneDrive\Рабочий стол\Labs\labs\Labs 3 sem\Ксис\KSIS 3\KSIS 3.vcxproj" в узле 2 (целевые объекты Build).
     1>PrepareForBuild:
         Структурированный вывод включен. Форматирование диагностики компилятора будет отражать иерархию ошибок. Подробнее см. https://aka.ms/cpp/structured-output.
       InitializeBuildStatus:
         Создание "KSIS 3\x64\Debug\KSIS 3.tlog\unsuccessfulbuild", так как было задано "AlwaysCreate".
         Обращение к "KSIS 3\x64\Debug\KSIS 3.tlog\unsuccessfulbuild".
       ClCompile:
         C:\Program Files\Microsoft Visual Studio\2022\Community\VC\Tools\MSVC\14.41.34120\bin\HostX64\x64\CL.exe /c /ZI /JMC /nologo /W3 /WX- /diagnostics:column /sdl /Od /D _DEBUG /D _CONSOLE /D _UNICODE /D UNICODE /Gm- /EHsc /RTC1 /MDd /GS /fp:precise /Zc:wchar_t /Zc:forScope /Zc:inline /permissive- /Fo"KSIS 3\x64\Debug\\" /Fd"KSIS 3\x64\Debug\vc143.pdb" /external:W3 /Gd /TP /FC /errorReport:prompt "KSIS 3.cpp"
         KSIS 3.cpp
       Link:
         C:\Program Files\Microsoft Visual Studio\2022\Community\VC\Tools\MSVC\14.41.34120\bin\HostX64\x64\link.exe /ERRORREPORT:PROMPT /OUT:"C:\Users\stude\OneDrive\Рабочий стол\Labs\labs\Labs 3 sem\Ксис\KSIS 3\x64\Debug\KSIS 3.exe" /INCREMENTAL /ILK:"KSIS 3\x64\Debug\KSIS 3.ilk" /NOLOGO kernel32.lib user32.lib gdi32.lib winspool.lib comdlg32.lib advapi32.lib shell32.lib ole32.lib oleaut32.lib uuid.lib odbc32.lib odbccp32.lib /MANIFEST /MANIFESTUAC:"level='asInvoker' uiAccess='false'" /manifest:embed /DEBUG /PDB:"C:\Users\stude\OneDrive\Рабочий стол\Labs\labs\Labs 3 sem\Ксис\KSIS 3\x64\Debug\KSIS 3.pdb" /SUBSYSTEM:CONSOLE /TLBID:1 /DYNAMICBASE /NXCOMPAT /IMPLIB:"C:\Users\stude\OneDrive\Рабочий стол\Labs\labs\Labs 3 sem\Ксис\KSIS 3\x64\Debug\KSIS 3.lib" /MACHINE:X64 "KSIS 3\x64\Debug\KSIS 3.obj"
         KSIS 3.vcxproj -> C:\Users\stude\OneDrive\Рабочий стол\Labs\labs\Labs 3 sem\Ксис\KSIS 3\x64\Debug\KSIS 3.exe
       FinalizeBuildStatus:
         Файл "KSIS 3\x64\Debug\KSIS 3.tlog\unsuccessfulbuild" удаляется.
         Обращение к "KSIS 3\x64\Debug\KSIS 3.tlog\KSIS 3.lastbuildstate".
     1>Сборка проекта "C:\Users\stude\OneDrive\Рабочий стол\Labs\labs\Labs 3 sem\Ксис\KSIS 3\KSIS 3.vcxproj" завершена (целевые объекты Build).

Сборка успешно завершена.
    Предупреждений: 0
    Ошибок: 0

Прошло времени 00:00:00.87
