---Протокол---22.11.2024 06:31:27 ---
in.txt
in.txt.out
in.txt.log
Количество символов: 369
Пропущено: 0
Количество строк: 22


Таблица Лексем:
01 
02 m
03 {
04 dti;
05 dti;
06 dti;
07 dti;
08 dti;
09 dti;
10 dtfi(ti);
11 i=l;
12 i=l;
13 i=l;
14 i=l;
15 i=i(i,i);
16 i=i(i,i);
17 pl;
18 pi;
19 pi;
20 pi(i);
21 rl;
22 };

Таблица Идентификаторов:
x, INT, V, 5, 1
y, INT, V, 9, 5
z, INT, V, 13, 0
sa, STR, V, 17, '1234567890'
sb, STR, V, 21, '1234567890'
sc, STR, V, 25, 
strl, INT, F, 30, 0
p, STR, P, 33, 
