Сборка начата 12.12.2024 00:00:29.
Уровень детализации журнала: Normal.     1>Проект "C:\Users\stude\OneDrive\Рабочий стол\Labs\labs\Labs 3 sem\KPO\ASM_3\ASM_3.vcxproj" в узле 2 (целевые объекты Build).
     1>PrepareForBuild:
         Структурированный вывод включен. Форматирование диагностики компилятора будет отражать иерархию ошибок. Подробнее см. https://aka.ms/cpp/structured-output.
       InitializeBuildStatus:
         Создание "ASM_3\Debug\ASM_3.tlog\unsuccessfulbuild", так как было задано "AlwaysCreate".
         Обращение к "ASM_3\Debug\ASM_3.tlog\unsuccessfulbuild".
       _MASM:
         Assembling gg.asm...
         cmd.exe /C "C:\Users\stude\AppData\Local\Temp\tmp46b78f1db04c4399acff3cc163db6c34.cmd"
         ml.exe /c /nologo /Zi /Fo"ASM_3\Debug\gg.obj" /W3 /errorReport:prompt  /Tagg.asm
       Link:
         C:\Program Files\Microsoft Visual Studio\2022\Community\VC\Tools\MSVC\14.41.34120\bin\HostX86\x86\link.exe /ERRORREPORT:PROMPT /OUT:"C:\Users\stude\OneDrive\Рабочий стол\Labs\labs\Labs 3 sem\KPO\ASM_3\Debug\ASM_3.exe" /INCREMENTAL /ILK:"ASM_3\Debug\ASM_3.ilk" /NOLOGO kernel32.lib user32.lib gdi32.lib winspool.lib comdlg32.lib advapi32.lib shell32.lib ole32.lib oleaut32.lib uuid.lib odbc32.lib odbccp32.lib /MANIFEST /MANIFESTUAC:"level='asInvoker' uiAccess='false'" /manifest:embed /DEBUG /PDB:"C:\Users\stude\OneDrive\Рабочий стол\Labs\labs\Labs 3 sem\KPO\ASM_3\Debug\ASM_3.pdb" /SUBSYSTEM:CONSOLE /TLBID:1 /DYNAMICBASE /NXCOMPAT /IMPLIB:"C:\Users\stude\OneDrive\Рабочий стол\Labs\labs\Labs 3 sem\KPO\ASM_3\Debug\ASM_3.lib" /MACHINE:X86 ASM_3\Debug\gg.obj
         ASM_3.vcxproj -> C:\Users\stude\OneDrive\Рабочий стол\Labs\labs\Labs 3 sem\KPO\ASM_3\Debug\ASM_3.exe
       FinalizeBuildStatus:
         Файл "ASM_3\Debug\ASM_3.tlog\unsuccessfulbuild" удаляется.
         Обращение к "ASM_3\Debug\ASM_3.tlog\ASM_3.lastbuildstate".
     1>Сборка проекта "C:\Users\stude\OneDrive\Рабочий стол\Labs\labs\Labs 3 sem\KPO\ASM_3\ASM_3.vcxproj" завершена (целевые объекты Build).

Сборка успешно завершена.
    Предупреждений: 0
    Ошибок: 0

Прошло времени 00:00:00.32
