Сборка начата 12.12.2024 23:54:06.
Уровень детализации журнала: Normal.     1>Проект "C:\Users\stude\OneDrive\Рабочий стол\Labs\labs\Labs 3 sem\KPO\ASM_4\Debug\ASM\ASM.vcxproj" в узле 2 (целевые объекты Build).
     1>PrepareForBuild:
         Структурированный вывод включен. Форматирование диагностики компилятора будет отражать иерархию ошибок. Подробнее см. https://aka.ms/cpp/structured-output.
       InitializeBuildStatus:
         Создание "Debug\ASM.tlog\unsuccessfulbuild", так как было задано "AlwaysCreate".
         Обращение к "Debug\ASM.tlog\unsuccessfulbuild".
       _MASM:
         Assembling ASM.asm...
         cmd.exe /C "C:\Users\stude\AppData\Local\Temp\tmp46bde5d4188f4aeba49b200f40374015.cmd"
         ml.exe /c /nologo /Zi /Fo"Debug\ASM.obj" /W3 /errorReport:prompt  /TaASM.asm
       Link:
         C:\Program Files\Microsoft Visual Studio\2022\Community\VC\Tools\MSVC\14.41.34120\bin\HostX86\x86\link.exe /ERRORREPORT:PROMPT /OUT:"C:\Users\stude\OneDrive\Рабочий стол\Labs\labs\Labs 3 sem\KPO\ASM_4\Debug\ASM.exe" /INCREMENTAL /ILK:"Debug\ASM.ilk" /NOLOGO kernel32.lib user32.lib gdi32.lib winspool.lib comdlg32.lib advapi32.lib shell32.lib ole32.lib oleaut32.lib uuid.lib odbc32.lib odbccp32.lib /MANIFEST /MANIFESTUAC:"level='asInvoker' uiAccess='false'" /manifest:embed /DEBUG /PDB:"C:\Users\stude\OneDrive\Рабочий стол\Labs\labs\Labs 3 sem\KPO\ASM_4\Debug\ASM.pdb" /SUBSYSTEM:WINDOWS /TLBID:1 /DYNAMICBASE /NXCOMPAT /IMPLIB:"C:\Users\stude\OneDrive\Рабочий стол\Labs\labs\Labs 3 sem\KPO\ASM_4\Debug\ASM.lib" /MACHINE:X86 Debug\ASM.obj
         ASM.vcxproj -> C:\Users\stude\OneDrive\Рабочий стол\Labs\labs\Labs 3 sem\KPO\ASM_4\Debug\ASM.exe
       FinalizeBuildStatus:
         Файл "Debug\ASM.tlog\unsuccessfulbuild" удаляется.
         Обращение к "Debug\ASM.tlog\ASM.lastbuildstate".
     1>Сборка проекта "C:\Users\stude\OneDrive\Рабочий стол\Labs\labs\Labs 3 sem\KPO\ASM_4\Debug\ASM\ASM.vcxproj" завершена (целевые объекты Build).

Сборка успешно завершена.
    Предупреждений: 0
    Ошибок: 0

Прошло времени 00:00:00.43
