Сборка начата 24.09.2024 11:39:07.
Уровень детализации журнала: Normal.     1>Проект "C:\Users\stude\OneDrive\Рабочий стол\Labs\labs\Labs 3 sem\АСд\TWOrbina TWOrista\TWOrbina TWOrista\TWOrbina TWOrista.vcxproj" в узле 2 (целевые объекты Build).
     1>PrepareForBuild:
         Структурированный вывод включен. Форматирование диагностики компилятора будет отражать иерархию ошибок. Подробнее см. https://aka.ms/cpp/structured-output.
       InitializeBuildStatus:
         Создание "x64\Debug\TWOrbina.081f5f23.tlog\unsuccessfulbuild", так как было задано "AlwaysCreate".
         Обращение к "x64\Debug\TWOrbina.081f5f23.tlog\unsuccessfulbuild".
       ClCompile:
         C:\Program Files\Microsoft Visual Studio\2022\Community\VC\Tools\MSVC\14.41.34120\bin\HostX64\x64\CL.exe /c /ZI /JMC /nologo /W3 /WX- /diagnostics:column /sdl /Od /D _DEBUG /D _CONSOLE /D _UNICODE /D UNICODE /Gm- /EHsc /RTC1 /MDd /GS /fp:precise /Zc:wchar_t /Zc:forScope /Zc:inline /permissive- /Fo"x64\Debug\\" /Fd"x64\Debug\vc143.pdb" /external:W3 /Gd /TP /FC /errorReport:prompt "TWOrbina TWOrista.cpp"
         TWOrbina TWOrista.cpp
     1>C:\Users\stude\OneDrive\Рабочий стол\Labs\labs\Labs 3 sem\АСд\TWOrbina TWOrista\TWOrbina TWOrista\TWOrbina TWOrista.cpp(31,6): warning C4326: возвращаемый тип "main" должен быть "int", а не "void"
       Link:
         C:\Program Files\Microsoft Visual Studio\2022\Community\VC\Tools\MSVC\14.41.34120\bin\HostX64\x64\link.exe /ERRORREPORT:PROMPT /OUT:"C:\Users\stude\OneDrive\Рабочий стол\Labs\labs\Labs 3 sem\АСд\TWOrbina TWOrista\x64\Debug\TWOrbina TWOrista.exe" /INCREMENTAL /ILK:"x64\Debug\TWOrbina TWOrista.ilk" /NOLOGO kernel32.lib user32.lib gdi32.lib winspool.lib comdlg32.lib advapi32.lib shell32.lib ole32.lib oleaut32.lib uuid.lib odbc32.lib odbccp32.lib /MANIFEST /MANIFESTUAC:"level='asInvoker' uiAccess='false'" /manifest:embed /DEBUG /PDB:"C:\Users\stude\OneDrive\Рабочий стол\Labs\labs\Labs 3 sem\АСд\TWOrbina TWOrista\x64\Debug\TWOrbina TWOrista.pdb" /SUBSYSTEM:CONSOLE /TLBID:1 /DYNAMICBASE /NXCOMPAT /IMPLIB:"C:\Users\stude\OneDrive\Рабочий стол\Labs\labs\Labs 3 sem\АСд\TWOrbina TWOrista\x64\Debug\TWOrbina TWOrista.lib" /MACHINE:X64 "x64\Debug\TWOrbina TWOrista.obj"
         TWOrbina TWOrista.vcxproj -> C:\Users\stude\OneDrive\Рабочий стол\Labs\labs\Labs 3 sem\АСд\TWOrbina TWOrista\x64\Debug\TWOrbina TWOrista.exe
       TlogCleanup:
         Следующие элементы будут удалены из tlogs, так как они были удалены из проекта или сборки: C:\Users\stude\OneDrive\Рабочий стол\Labs 3 sem\АСд\TWOrbina TWOrista\TWOrbina TWOrista\TWOrbina TWOrista.cpp.
       FinalizeBuildStatus:
         Файл "x64\Debug\TWOrbina.081f5f23.tlog\unsuccessfulbuild" удаляется.
         Обращение к "x64\Debug\TWOrbina.081f5f23.tlog\TWOrbina TWOrista.lastbuildstate".
     1>Сборка проекта "C:\Users\stude\OneDrive\Рабочий стол\Labs\labs\Labs 3 sem\АСд\TWOrbina TWOrista\TWOrbina TWOrista\TWOrbina TWOrista.vcxproj" завершена (целевые объекты Build).

Сборка успешно завершена.

       "C:\Users\stude\OneDrive\Рабочий стол\Labs\labs\Labs 3 sem\АСд\TWOrbina TWOrista\TWOrbina TWOrista\TWOrbina TWOrista.vcxproj" (целевой объект Build ) (1) ->
       (Целевой объект ClCompile) -> 
         C:\Users\stude\OneDrive\Рабочий стол\Labs\labs\Labs 3 sem\АСд\TWOrbina TWOrista\TWOrbina TWOrista\TWOrbina TWOrista.cpp(31,6): warning C4326: возвращаемый тип "main" должен быть "int", а не "void"

    Предупреждений: 1
    Ошибок: 0

Прошло времени 00:00:02.00
