Сборка начата 25.11.2024 21:24:54.
Уровень детализации журнала: Normal.     1>Проект "C:\Users\stude\OneDrive\Рабочий стол\Labs\labs\Labs 3 sem\KPO\ASM2\ASM2.vcxproj" в узле 2 (целевые объекты Build).
     1>PrepareForBuild:
         Структурированный вывод включен. Форматирование диагностики компилятора будет отражать иерархию ошибок. Подробнее см. https://aka.ms/cpp/structured-output.
       InitializeBuildStatus:
         Обращение к "ASM2\Debug\ASM2.tlog\unsuccessfulbuild".
       _MASM:
         Assembling Asm.asm...
         cmd.exe /C "C:\Users\stude\AppData\Local\Temp\tmp45d90b03cc1d46048b7550106aad0e41.cmd"
         ml.exe /c /nologo /Zi /Fo"ASM2\Debug\Asm.obj" /W3 /errorReport:prompt  /TaAsm.asm
       Link:
         C:\Program Files\Microsoft Visual Studio\2022\Community\VC\Tools\MSVC\14.41.34120\bin\HostX86\x86\link.exe /ERRORREPORT:PROMPT /OUT:"C:\Users\stude\OneDrive\Рабочий стол\Labs\labs\Labs 3 sem\KPO\ASM2\Debug\ASM2.exe" /INCREMENTAL /ILK:"ASM2\Debug\ASM2.ilk" /NOLOGO kernel32.lib user32.lib gdi32.lib winspool.lib comdlg32.lib advapi32.lib shell32.lib ole32.lib oleaut32.lib uuid.lib odbc32.lib odbccp32.lib /MANIFEST /MANIFESTUAC:"level='asInvoker' uiAccess='false'" /manifest:embed /DEBUG /PDB:"C:\Users\stude\OneDrive\Рабочий стол\Labs\labs\Labs 3 sem\KPO\ASM2\Debug\ASM2.pdb" /SUBSYSTEM:WINDOWS /TLBID:1 /DYNAMICBASE /NXCOMPAT /IMPLIB:"C:\Users\stude\OneDrive\Рабочий стол\Labs\labs\Labs 3 sem\KPO\ASM2\Debug\ASM2.lib" /MACHINE:X86 ASM2\Debug\Asm.obj
         ASM2.vcxproj -> C:\Users\stude\OneDrive\Рабочий стол\Labs\labs\Labs 3 sem\KPO\ASM2\Debug\ASM2.exe
       FinalizeBuildStatus:
         Файл "ASM2\Debug\ASM2.tlog\unsuccessfulbuild" удаляется.
         Обращение к "ASM2\Debug\ASM2.tlog\ASM2.lastbuildstate".
     1>Сборка проекта "C:\Users\stude\OneDrive\Рабочий стол\Labs\labs\Labs 3 sem\KPO\ASM2\ASM2.vcxproj" завершена (целевые объекты Build).

Сборка успешно завершена.
    Предупреждений: 0
    Ошибок: 0

Прошло времени 00:00:00.46
