Сборка начата 18.12.2024 15:26:40.
Уровень детализации журнала: Normal.     1>Проект "C:\Users\stude\OneDrive\Рабочий стол\Labs\labs\Labs 3 sem\KPO\ЫефешсДши\ЫефешсДши.vcxproj" в узле 2 (целевые объекты Build).
     1>PrepareForBuild:
         Структурированный вывод включен. Форматирование диагностики компилятора будет отражать иерархию ошибок. Подробнее см. https://aka.ms/cpp/structured-output.
       InitializeBuildStatus:
         Создание "Debug\ЫефешсДши.tlog\unsuccessfulbuild", так как было задано "AlwaysCreate".
         Обращение к "Debug\ЫефешсДши.tlog\unsuccessfulbuild".
       ClCompile:
         Для всех выходных данных обновления не требуется.
         C:\Program Files\Microsoft Visual Studio\2022\Community\VC\Tools\MSVC\14.41.34120\bin\HostX86\x86\CL.exe /c /ZI /JMC /nologo /W3 /WX- /diagnostics:column /sdl /Od /Oy- /D WIN32 /D _DEBUG /D _LIB /D _UNICODE /D UNICODE /Gm- /EHsc /RTC1 /MDd /GS /fp:precise /Zc:wchar_t /Zc:forScope /Zc:inline /permissive- /Yu"pch.h" /Fp"Debug\ЫефешсДши.pch" /Fo"Debug\\" /Fd"C:\Users\stude\OneDrive\Рабочий стол\Labs\labs\Labs 3 sem\KPO\KPO_19\Debug\ЫефешсДши.pdb" /external:W3 /Gd /TP /analyze- /FC /errorReport:prompt StaticLib.cpp
         StaticLib.cpp
     1>C:\Users\stude\OneDrive\Рабочий стол\Labs\labs\Labs 3 sem\KPO\ЫефешсДши\StaticLib.cpp(1,9): warning C4603: _CRT_SECURE_NO_WARNINGS: макрос не определен или определение изменилось после использования предкомпилированного заголовка
         (компиляция исходного файла "/StaticLib.cpp")
             C:\Users\stude\OneDrive\Рабочий стол\Labs\labs\Labs 3 sem\KPO\ЫефешсДши\StaticLib.cpp(1,9):
             Добавление макроопределения в предкомпилированный заголовок вместо определения его здесь
             C:\Users\stude\OneDrive\Рабочий стол\Labs\labs\Labs 3 sem\KPO\ЫефешсДши\StaticLib.cpp(2,1):
             использование предварительно скомпилированного заголовка
         
       Lib:
         C:\Program Files\Microsoft Visual Studio\2022\Community\VC\Tools\MSVC\14.41.34120\bin\HostX86\x86\Lib.exe /OUT:"C:\Users\stude\OneDrive\Рабочий стол\Labs\labs\Labs 3 sem\KPO\KPO_19\Debug\ЫефешсДши.lib" /NOLOGO /MACHINE:X86 Debug\pch.obj
         Debug\StaticLib.obj
         ЫефешсДши.vcxproj -> C:\Users\stude\OneDrive\Рабочий стол\Labs\labs\Labs 3 sem\KPO\KPO_19\Debug\ЫефешсДши.lib
       FinalizeBuildStatus:
         Файл "Debug\ЫефешсДши.tlog\unsuccessfulbuild" удаляется.
         Обращение к "Debug\ЫефешсДши.tlog\ЫефешсДши.lastbuildstate".
     1>Сборка проекта "C:\Users\stude\OneDrive\Рабочий стол\Labs\labs\Labs 3 sem\KPO\ЫефешсДши\ЫефешсДши.vcxproj" завершена (целевые объекты Build).

Сборка успешно завершена.

       "C:\Users\stude\OneDrive\Рабочий стол\Labs\labs\Labs 3 sem\KPO\ЫефешсДши\ЫефешсДши.vcxproj" (целевой объект Build ) (1) ->
       (Целевой объект ClCompile) -> 
         C:\Users\stude\OneDrive\Рабочий стол\Labs\labs\Labs 3 sem\KPO\ЫефешсДши\StaticLib.cpp(1,9): warning C4603: _CRT_SECURE_NO_WARNINGS: макрос не определен или определение изменилось после использования предкомпилированного заголовка

    Предупреждений: 1
    Ошибок: 0

Прошло времени 00:00:00.76
