Сборка начата 26.11.2024 00:10:21.
Уровень детализации журнала: Normal.     1>Проект "C:\Users\stude\OneDrive\Рабочий стол\Labs\labs\Labs 3 sem\KPO\ASmbler\ASmbler.vcxproj" в узле 2 (целевые объекты Build).
     1>PrepareForBuild:
         Структурированный вывод включен. Форматирование диагностики компилятора будет отражать иерархию ошибок. Подробнее см. https://aka.ms/cpp/structured-output.
       InitializeBuildStatus:
         Создание "Debug\ASmbler.tlog\unsuccessfulbuild", так как было задано "AlwaysCreate".
         Обращение к "Debug\ASmbler.tlog\unsuccessfulbuild".
       _MASM:
         Assembling ASm.asm...
         cmd.exe /C "C:\Users\stude\AppData\Local\Temp\tmpd4408b1b08314706854d4daccda28e58.cmd"
         ml.exe /c /nologo /Zi /Fo"Debug\ASm.obj" /W3 /errorReport:prompt  /TaASm.asm
       Link:
         C:\Program Files\Microsoft Visual Studio\2022\Community\VC\Tools\MSVC\14.41.34120\bin\HostX86\x86\link.exe /ERRORREPORT:PROMPT /OUT:"C:\Users\stude\OneDrive\Рабочий стол\Labs\labs\Labs 3 sem\KPO\ASM2\Debug\ASmbler.exe" /INCREMENTAL /ILK:"Debug\ASmbler.ilk" /NOLOGO kernel32.lib user32.lib gdi32.lib winspool.lib comdlg32.lib advapi32.lib shell32.lib ole32.lib oleaut32.lib uuid.lib odbc32.lib odbccp32.lib /MANIFEST /MANIFESTUAC:"level='asInvoker' uiAccess='false'" /manifest:embed /DEBUG /PDB:"C:\Users\stude\OneDrive\Рабочий стол\Labs\labs\Labs 3 sem\KPO\ASM2\Debug\ASmbler.pdb" /SUBSYSTEM:CONSOLE /TLBID:1 /DYNAMICBASE /NXCOMPAT /IMPLIB:"C:\Users\stude\OneDrive\Рабочий стол\Labs\labs\Labs 3 sem\KPO\ASM2\Debug\ASmbler.lib" /MACHINE:X86 Debug\ASm.obj
         ASmbler.vcxproj -> C:\Users\stude\OneDrive\Рабочий стол\Labs\labs\Labs 3 sem\KPO\ASM2\Debug\ASmbler.exe
       FinalizeBuildStatus:
         Файл "Debug\ASmbler.tlog\unsuccessfulbuild" удаляется.
         Обращение к "Debug\ASmbler.tlog\ASmbler.lastbuildstate".
     1>Сборка проекта "C:\Users\stude\OneDrive\Рабочий стол\Labs\labs\Labs 3 sem\KPO\ASmbler\ASmbler.vcxproj" завершена (целевые объекты Build).

Сборка успешно завершена.
    Предупреждений: 0
    Ошибок: 0

Прошло времени 00:00:00.42
