Сборка начата 08.10.2024 14:57:47.
Уровень детализации журнала: Normal.     1>Проект "C:\Users\stude\OneDrive\Рабочий стол\Labs\labs\Labs 3 sem\АСд\4ivap4i4i\4ivap4i4i\4ivap4i4i.vcxproj" в узле 2 (целевые объекты Build).
     1>PrepareForBuild:
         Структурированный вывод включен. Форматирование диагностики компилятора будет отражать иерархию ошибок. Подробнее см. https://aka.ms/cpp/structured-output.
       InitializeBuildStatus:
         Создание "x64\Debug\4ivap4i4i.tlog\unsuccessfulbuild", так как было задано "AlwaysCreate".
         Обращение к "x64\Debug\4ivap4i4i.tlog\unsuccessfulbuild".
       ClCompile:
         C:\Program Files\Microsoft Visual Studio\2022\Community\VC\Tools\MSVC\14.41.34120\bin\HostX64\x64\CL.exe /c /ZI /JMC /nologo /W3 /WX- /diagnostics:column /sdl /Od /D _DEBUG /D _CONSOLE /D _UNICODE /D UNICODE /Gm- /EHsc /RTC1 /MDd /GS /fp:precise /Zc:wchar_t /Zc:forScope /Zc:inline /permissive- /Fo"x64\Debug\\" /Fd"x64\Debug\vc143.pdb" /external:W3 /Gd /TP /FC /errorReport:prompt 4ivap4i4i.cpp
         4ivap4i4i.cpp
     1>C:\Users\stude\OneDrive\Рабочий стол\Labs\labs\Labs 3 sem\АСд\4ivap4i4i\4ivap4i4i\4ivap4i4i.cpp(15,6): warning C4326: возвращаемый тип "main" должен быть "int", а не "void"
       Link:
         C:\Program Files\Microsoft Visual Studio\2022\Community\VC\Tools\MSVC\14.41.34120\bin\HostX64\x64\link.exe /ERRORREPORT:PROMPT /OUT:"C:\Users\stude\OneDrive\Рабочий стол\Labs\labs\Labs 3 sem\АСд\4ivap4i4i\x64\Debug\4ivap4i4i.exe" /INCREMENTAL /ILK:"x64\Debug\4ivap4i4i.ilk" /NOLOGO kernel32.lib user32.lib gdi32.lib winspool.lib comdlg32.lib advapi32.lib shell32.lib ole32.lib oleaut32.lib uuid.lib odbc32.lib odbccp32.lib /MANIFEST /MANIFESTUAC:"level='asInvoker' uiAccess='false'" /manifest:embed /DEBUG /PDB:"C:\Users\stude\OneDrive\Рабочий стол\Labs\labs\Labs 3 sem\АСд\4ivap4i4i\x64\Debug\4ivap4i4i.pdb" /SUBSYSTEM:CONSOLE /TLBID:1 /DYNAMICBASE /NXCOMPAT /IMPLIB:"C:\Users\stude\OneDrive\Рабочий стол\Labs\labs\Labs 3 sem\АСд\4ivap4i4i\x64\Debug\4ivap4i4i.lib" /MACHINE:X64 x64\Debug\4ivap4i4i.obj
         4ivap4i4i.vcxproj -> C:\Users\stude\OneDrive\Рабочий стол\Labs\labs\Labs 3 sem\АСд\4ivap4i4i\x64\Debug\4ivap4i4i.exe
       FinalizeBuildStatus:
         Файл "x64\Debug\4ivap4i4i.tlog\unsuccessfulbuild" удаляется.
         Обращение к "x64\Debug\4ivap4i4i.tlog\4ivap4i4i.lastbuildstate".
     1>Сборка проекта "C:\Users\stude\OneDrive\Рабочий стол\Labs\labs\Labs 3 sem\АСд\4ivap4i4i\4ivap4i4i\4ivap4i4i.vcxproj" завершена (целевые объекты Build).

Сборка успешно завершена.

       "C:\Users\stude\OneDrive\Рабочий стол\Labs\labs\Labs 3 sem\АСд\4ivap4i4i\4ivap4i4i\4ivap4i4i.vcxproj" (целевой объект Build ) (1) ->
       (Целевой объект ClCompile) -> 
         C:\Users\stude\OneDrive\Рабочий стол\Labs\labs\Labs 3 sem\АСд\4ivap4i4i\4ivap4i4i\4ivap4i4i.cpp(15,6): warning C4326: возвращаемый тип "main" должен быть "int", а не "void"

    Предупреждений: 1
    Ошибок: 0

Прошло времени 00:00:01.34
