Сборка начата 10.09.2024 16:39:59.
Уровень детализации журнала: Normal.     1>Проект "C:\Labs 3 sem\АСд\Wake up! its da first of the month\Wake up! its da first of the month\Wake up! its da first of the month.vcxproj" в узле 2 (целевые объекты Build).
     1>PrepareForBuild:
         Структурированный вывод включен. Форматирование диагностики компилятора будет отражать иерархию ошибок. Подробнее см. https://aka.ms/cpp/structured-output.
       InitializeBuildStatus:
         Создание "x64\Debug\Wake up!.5177a729.tlog\unsuccessfulbuild", так как было задано "AlwaysCreate".
         Обращение к "x64\Debug\Wake up!.5177a729.tlog\unsuccessfulbuild".
       ClCompile:
         C:\Program Files\Microsoft Visual Studio\2022\Community\VC\Tools\MSVC\14.41.34120\bin\HostX64\x64\CL.exe /c /ZI /JMC /nologo /W3 /WX- /diagnostics:column /sdl /Od /D _DEBUG /D _CONSOLE /D _UNICODE /D UNICODE /Gm- /EHsc /RTC1 /MDd /GS /fp:precise /Zc:wchar_t /Zc:forScope /Zc:inline /permissive- /Fo"x64\Debug\\" /Fd"x64\Debug\vc143.pdb" /external:W3 /Gd /TP /FC /errorReport:prompt "Wake up! its da first of the month.cpp"
         Wake up! its da first of the month.cpp
     1>C:\Labs 3 sem\АСд\Wake up! its da first of the month\Wake up! its da first of the month\Wake up! its da first of the month.cpp(23,6): warning C4326: возвращаемый тип "main" должен быть "int", а не "void"
     1>C:\Labs 3 sem\АСд\Wake up! its da first of the month\Wake up! its da first of the month\Wake up! its da first of the month.cpp(42,10): warning C4244: инициализация: преобразование "clock_t" в "float", возможна потеря данных
     1>C:\Labs 3 sem\АСд\Wake up! its da first of the month\Wake up! its da first of the month\Wake up! its da first of the month.cpp(44,10): warning C4244: инициализация: преобразование "clock_t" в "float", возможна потеря данных
       Link:
         C:\Program Files\Microsoft Visual Studio\2022\Community\VC\Tools\MSVC\14.41.34120\bin\HostX64\x64\link.exe /ERRORREPORT:PROMPT /OUT:"C:\Labs 3 sem\АСд\Wake up! its da first of the month\x64\Debug\Wake up! its da first of the month.exe" /INCREMENTAL /ILK:"x64\Debug\Wake up! its da first of the month.ilk" /NOLOGO kernel32.lib user32.lib gdi32.lib winspool.lib comdlg32.lib advapi32.lib shell32.lib ole32.lib oleaut32.lib uuid.lib odbc32.lib odbccp32.lib /MANIFEST /MANIFESTUAC:"level='asInvoker' uiAccess='false'" /manifest:embed /DEBUG /PDB:"C:\Labs 3 sem\АСд\Wake up! its da first of the month\x64\Debug\Wake up! its da first of the month.pdb" /SUBSYSTEM:CONSOLE /TLBID:1 /DYNAMICBASE /NXCOMPAT /IMPLIB:"C:\Labs 3 sem\АСд\Wake up! its da first of the month\x64\Debug\Wake up! its da first of the month.lib" /MACHINE:X64 "x64\Debug\Wake up! its da first of the month.obj"
         Wake up! its da first of the month.vcxproj -> C:\Labs 3 sem\АСд\Wake up! its da first of the month\x64\Debug\Wake up! its da first of the month.exe
       FinalizeBuildStatus:
         Файл "x64\Debug\Wake up!.5177a729.tlog\unsuccessfulbuild" удаляется.
         Обращение к "x64\Debug\Wake up!.5177a729.tlog\Wake up! its da first of the month.lastbuildstate".
     1>Сборка проекта "C:\Labs 3 sem\АСд\Wake up! its da first of the month\Wake up! its da first of the month\Wake up! its da first of the month.vcxproj" завершена (целевые объекты Build).

Сборка успешно завершена.

       "C:\Labs 3 sem\АСд\Wake up! its da first of the month\Wake up! its da first of the month\Wake up! its da first of the month.vcxproj" (целевой объект Build ) (1) ->
       (Целевой объект ClCompile) -> 
         C:\Labs 3 sem\АСд\Wake up! its da first of the month\Wake up! its da first of the month\Wake up! its da first of the month.cpp(23,6): warning C4326: возвращаемый тип "main" должен быть "int", а не "void"
         C:\Labs 3 sem\АСд\Wake up! its da first of the month\Wake up! its da first of the month\Wake up! its da first of the month.cpp(42,10): warning C4244: инициализация: преобразование "clock_t" в "float", возможна потеря данных
         C:\Labs 3 sem\АСд\Wake up! its da first of the month\Wake up! its da first of the month\Wake up! its da first of the month.cpp(44,10): warning C4244: инициализация: преобразование "clock_t" в "float", возможна потеря данных

    Предупреждений: 3
    Ошибок: 0

Прошло времени 00:00:00.63
