Сборка начата 16.12.2024 23:51:40.
Уровень детализации журнала: Normal.     1>Проект "C:\Users\stude\OneDrive\Рабочий стол\Labs\labs\Labs 3 sem\АСд\ASD_Дал в рот Наркевич 11\ASD_Дал в рот Наркевич 11.vcxproj" в узле 2 (целевые объекты Build).
     1>PrepareForBuild:
         Структурированный вывод включен. Форматирование диагностики компилятора будет отражать иерархию ошибок. Подробнее см. https://aka.ms/cpp/structured-output.
       InitializeBuildStatus:
         Создание "ASD_Дал .f905cc6f\x64\Debug\ASD_Дал .f905cc6f.tlog\unsuccessfulbuild", так как было задано "AlwaysCreate".
         Обращение к "ASD_Дал .f905cc6f\x64\Debug\ASD_Дал .f905cc6f.tlog\unsuccessfulbuild".
       ClCompile:
         C:\Program Files\Microsoft Visual Studio\2022\Community\VC\Tools\MSVC\14.41.34120\bin\HostX64\x64\CL.exe /c /ZI /JMC /nologo /W3 /WX- /diagnostics:column /sdl /Od /D _DEBUG /D _CONSOLE /D _UNICODE /D UNICODE /Gm- /EHsc /RTC1 /MDd /GS /fp:precise /Zc:wchar_t /Zc:forScope /Zc:inline /permissive- /Fo"ASD_Дал .f905cc6f\x64\Debug\\" /Fd"ASD_Дал .f905cc6f\x64\Debug\vc143.pdb" /external:W3 /Gd /TP /FC /errorReport:prompt "ASD_Дал в рот Наркевич 11.cpp"
         ASD_Дал в рот Наркевич 11.cpp
     1>C:\Users\stude\OneDrive\Рабочий стол\Labs\labs\Labs 3 sem\АСд\ASD_Дал в рот Наркевич 11\ASD_Дал в рот Наркевич 11.cpp(9,6): warning C4326: возвращаемый тип "main" должен быть "int", а не "void"
       Link:
         C:\Program Files\Microsoft Visual Studio\2022\Community\VC\Tools\MSVC\14.41.34120\bin\HostX64\x64\link.exe /ERRORREPORT:PROMPT /OUT:"C:\Users\stude\OneDrive\Рабочий стол\Labs\labs\Labs 3 sem\АСд\ASD_Дал в рот Наркевич 11\x64\Debug\ASD_Дал в рот Наркевич 11.exe" /INCREMENTAL /ILK:"ASD_Дал .f905cc6f\x64\Debug\ASD_Дал в рот Наркевич 11.ilk" /NOLOGO kernel32.lib user32.lib gdi32.lib winspool.lib comdlg32.lib advapi32.lib shell32.lib ole32.lib oleaut32.lib uuid.lib odbc32.lib odbccp32.lib /MANIFEST /MANIFESTUAC:"level='asInvoker' uiAccess='false'" /manifest:embed /DEBUG /PDB:"C:\Users\stude\OneDrive\Рабочий стол\Labs\labs\Labs 3 sem\АСд\ASD_Дал в рот Наркевич 11\x64\Debug\ASD_Дал в рот Наркевич 11.pdb" /SUBSYSTEM:CONSOLE /TLBID:1 /DYNAMICBASE /NXCOMPAT /IMPLIB:"C:\Users\stude\OneDrive\Рабочий стол\Labs\labs\Labs 3 sem\АСд\ASD_Дал в рот Наркевич 11\x64\Debug\ASD_Дал в рот Наркевич 11.lib" /MACHINE:X64 "ASD_Дал .f905cc6f\x64\Debug\ASD_Дал в рот Наркевич 11.obj"
         ASD_Дал в рот Наркевич 11.vcxproj -> C:\Users\stude\OneDrive\Рабочий стол\Labs\labs\Labs 3 sem\АСд\ASD_Дал в рот Наркевич 11\x64\Debug\ASD_Дал в рот Наркевич 11.exe
       FinalizeBuildStatus:
         Файл "ASD_Дал .f905cc6f\x64\Debug\ASD_Дал .f905cc6f.tlog\unsuccessfulbuild" удаляется.
         Обращение к "ASD_Дал .f905cc6f\x64\Debug\ASD_Дал .f905cc6f.tlog\ASD_Дал в рот Наркевич 11.lastbuildstate".
     1>Сборка проекта "C:\Users\stude\OneDrive\Рабочий стол\Labs\labs\Labs 3 sem\АСд\ASD_Дал в рот Наркевич 11\ASD_Дал в рот Наркевич 11.vcxproj" завершена (целевые объекты Build).

Сборка успешно завершена.

       "C:\Users\stude\OneDrive\Рабочий стол\Labs\labs\Labs 3 sem\АСд\ASD_Дал в рот Наркевич 11\ASD_Дал в рот Наркевич 11.vcxproj" (целевой объект Build ) (1) ->
       (Целевой объект ClCompile) -> 
         C:\Users\stude\OneDrive\Рабочий стол\Labs\labs\Labs 3 sem\АСд\ASD_Дал в рот Наркевич 11\ASD_Дал в рот Наркевич 11.cpp(9,6): warning C4326: возвращаемый тип "main" должен быть "int", а не "void"

    Предупреждений: 1
    Ошибок: 0

Прошло времени 00:00:00.87
